2024-10-22 17:04:04,339 ERROR: Exception on /register [POST] [in /Users/kevingerges/Desktop/flaskProject/.venv/lib/python3.11/site-packages/flask/app.py:838]
Traceback (most recent call last):
  File "/Users/kevingerges/Desktop/flaskProject/.venv/lib/python3.11/site-packages/sqlalchemy/engine/base.py", line 1967, in _exec_single_context
    self.dialect.do_execute(
  File "/Users/kevingerges/Desktop/flaskProject/.venv/lib/python3.11/site-packages/sqlalchemy/engine/default.py", line 941, in do_execute
    cursor.execute(statement, parameters)
sqlite3.OperationalError: no such column: users.failed_login_attempts

The above exception was the direct cause of the following exception:

Traceback (most recent call last):
  File "/Users/kevingerges/Desktop/flaskProject/.venv/lib/python3.11/site-packages/flask/app.py", line 1473, in wsgi_app
    response = self.full_dispatch_request()
               ^^^^^^^^^^^^^^^^^^^^^^^^^^^^
  File "/Users/kevingerges/Desktop/flaskProject/.venv/lib/python3.11/site-packages/flask/app.py", line 882, in full_dispatch_request
    rv = self.handle_user_exception(e)
         ^^^^^^^^^^^^^^^^^^^^^^^^^^^^^
  File "/Users/kevingerges/Desktop/flaskProject/.venv/lib/python3.11/site-packages/flask/app.py", line 880, in full_dispatch_request
    rv = self.dispatch_request()
         ^^^^^^^^^^^^^^^^^^^^^^^
  File "/Users/kevingerges/Desktop/flaskProject/.venv/lib/python3.11/site-packages/flask/app.py", line 865, in dispatch_request
    return self.ensure_sync(self.view_functions[rule.endpoint])(**view_args)  # type: ignore[no-any-return]
           ^^^^^^^^^^^^^^^^^^^^^^^^^^^^^^^^^^^^^^^^^^^^^^^^^^^^^^^^^^^^^^^^^
  File "/Users/kevingerges/Desktop/flaskProject/.venv/lib/python3.11/site-packages/flask_limiter/extension.py", line 1303, in __inner
    return cast(R, flask.current_app.ensure_sync(obj)(*a, **k))
                   ^^^^^^^^^^^^^^^^^^^^^^^^^^^^^^^^^^^^^^^^^^^
  File "/Users/kevingerges/Desktop/flaskProject/app.py", line 179, in register
    if User.query.filter_by(name=user).first():
       ^^^^^^^^^^^^^^^^^^^^^^^^^^^^^^^^^^^^^^^
  File "/Users/kevingerges/Desktop/flaskProject/.venv/lib/python3.11/site-packages/sqlalchemy/orm/query.py", line 2728, in first
    return self.limit(1)._iter().first()  # type: ignore
           ^^^^^^^^^^^^^^^^^^^^^
  File "/Users/kevingerges/Desktop/flaskProject/.venv/lib/python3.11/site-packages/sqlalchemy/orm/query.py", line 2827, in _iter
    result: Union[ScalarResult[_T], Result[_T]] = self.session.execute(
                                                  ^^^^^^^^^^^^^^^^^^^^^
  File "/Users/kevingerges/Desktop/flaskProject/.venv/lib/python3.11/site-packages/sqlalchemy/orm/session.py", line 2362, in execute
    return self._execute_internal(
           ^^^^^^^^^^^^^^^^^^^^^^^
  File "/Users/kevingerges/Desktop/flaskProject/.venv/lib/python3.11/site-packages/sqlalchemy/orm/session.py", line 2247, in _execute_internal
    result: Result[Any] = compile_state_cls.orm_execute_statement(
                          ^^^^^^^^^^^^^^^^^^^^^^^^^^^^^^^^^^^^^^^^
  File "/Users/kevingerges/Desktop/flaskProject/.venv/lib/python3.11/site-packages/sqlalchemy/orm/context.py", line 305, in orm_execute_statement
    result = conn.execute(
             ^^^^^^^^^^^^^
  File "/Users/kevingerges/Desktop/flaskProject/.venv/lib/python3.11/site-packages/sqlalchemy/engine/base.py", line 1418, in execute
    return meth(
           ^^^^^
  File "/Users/kevingerges/Desktop/flaskProject/.venv/lib/python3.11/site-packages/sqlalchemy/sql/elements.py", line 515, in _execute_on_connection
    return connection._execute_clauseelement(
           ^^^^^^^^^^^^^^^^^^^^^^^^^^^^^^^^^^
  File "/Users/kevingerges/Desktop/flaskProject/.venv/lib/python3.11/site-packages/sqlalchemy/engine/base.py", line 1640, in _execute_clauseelement
    ret = self._execute_context(
          ^^^^^^^^^^^^^^^^^^^^^^
  File "/Users/kevingerges/Desktop/flaskProject/.venv/lib/python3.11/site-packages/sqlalchemy/engine/base.py", line 1846, in _execute_context
    return self._exec_single_context(
           ^^^^^^^^^^^^^^^^^^^^^^^^^^
  File "/Users/kevingerges/Desktop/flaskProject/.venv/lib/python3.11/site-packages/sqlalchemy/engine/base.py", line 1986, in _exec_single_context
    self._handle_dbapi_exception(
  File "/Users/kevingerges/Desktop/flaskProject/.venv/lib/python3.11/site-packages/sqlalchemy/engine/base.py", line 2355, in _handle_dbapi_exception
    raise sqlalchemy_exception.with_traceback(exc_info[2]) from e
  File "/Users/kevingerges/Desktop/flaskProject/.venv/lib/python3.11/site-packages/sqlalchemy/engine/base.py", line 1967, in _exec_single_context
    self.dialect.do_execute(
  File "/Users/kevingerges/Desktop/flaskProject/.venv/lib/python3.11/site-packages/sqlalchemy/engine/default.py", line 941, in do_execute
    cursor.execute(statement, parameters)
sqlalchemy.exc.OperationalError: (sqlite3.OperationalError) no such column: users.failed_login_attempts
[SQL: SELECT users.id AS users_id, users.name AS users_name, users.password AS users_password, users.balance AS users_balance, users.failed_login_attempts AS users_failed_login_attempts, users.last_login_attempt AS users_last_login_attempt, users.account_locked_until AS users_account_locked_until 
FROM users 
WHERE users.name = ?
 LIMIT ? OFFSET ?]
[parameters: ('testuser', 1, 0)]
(Background on this error at: https://sqlalche.me/e/20/e3q8)
2024-10-22 17:05:09,502 INFO: Bank application startup [in /Users/kevingerges/Desktop/flaskProject/app.py:48]
2024-10-22 17:05:09,511 INFO: Database needs initialization [in /Users/kevingerges/Desktop/flaskProject/app.py:118]
2024-10-22 17:05:09,511 INFO: Removed existing database at /Users/kevingerges/Desktop/flaskProject/instance/bank.db [in /Users/kevingerges/Desktop/flaskProject/app.py:100]
2024-10-22 17:05:09,513 INFO: Database tables created successfully! [in /Users/kevingerges/Desktop/flaskProject/app.py:110]
2024-10-22 17:05:14,867 INFO: New user registered: testuser from IP: 127.0.0.1 [in /Users/kevingerges/Desktop/flaskProject/app.py:214]
2024-10-22 17:14:20,009 INFO: Bank application startup [in /Users/kevingerges/Desktop/flaskProject/app.py:99]
2024-10-22 17:22:22,786 INFO: Bank application startup [in /Users/kevingerges/Desktop/flaskProject/app.py:99]
2024-10-22 17:23:38,607 INFO: Bank application startup [in /Users/kevingerges/Desktop/flaskProject/app.py:99]
2024-10-22 17:26:40,971 INFO: Bank application startup [in /Users/kevingerges/Desktop/flaskProject/app.py:102]
2024-10-22 17:27:21,414 INFO: Bank application startup [in /Users/kevingerges/Desktop/flaskProject/app.py:102]
2024-10-22 17:28:13,713 INFO: Bank application startup [in /Users/kevingerges/Desktop/flaskProject/app.py:102]
2024-10-22 17:30:13,589 INFO: Bank application startup [in /Users/kevingerges/Desktop/flaskProject/app.py:102]
2024-10-22 17:30:20,778 INFO: New user registered: testuser1 from IP: 127.0.0.1 [in /Users/kevingerges/Desktop/flaskProject/app.py:265]
